#
# There is insufficient memory for the Java Runtime Environment to continue.
# Native memory allocation (malloc) failed to allocate 32744 bytes for Chunk::new
# Possible reasons:
#   The system is out of physical RAM or swap space
#   The process is running with CompressedOops enabled, and the Java Heap may be blocking the growth of the native heap
# Possible solutions:
#   Reduce memory load on the system
#   Increase physical memory or swap space
#   Check if swap backing store is full
#   Decrease Java heap size (-Xmx/-Xms)
#   Decrease number of Java threads
#   Decrease Java thread stack sizes (-Xss)
#   Set larger code cache with -XX:ReservedCodeCacheSize=
#   JVM is running with Unscaled Compressed Oops mode in which the Java heap is
#     placed in the first 4GB address space. The Java Heap base address is the
#     maximum limit for the native heap growth. Please use -XX:HeapBaseMinAddress
#     to set the Java Heap base and to place the Java Heap above 4GB virtual address.
# This output file may be truncated or incomplete.
#
#  Out of Memory Error (arena.cpp:168), pid=19812, tid=12236
#
# JRE version: Java(TM) SE Runtime Environment (21.0.9+7) (build 21.0.9+7-LTS-338)
# Java VM: Java HotSpot(TM) 64-Bit Server VM (21.0.9+7-LTS-338, mixed mode, emulated-client, sharing, tiered, compressed oops, compressed class ptrs, g1 gc, windows-amd64)
# No core dump will be written. Minidumps are not enabled by default on client versions of Windows
#

---------------  S U M M A R Y ------------

Command Line: -XX:TieredStopAtLevel=1 -Dspring.output.ansi.enabled=always -javaagent:C:\Program Files\JetBrains\IntelliJ IDEA 2025.3.1\lib\idea_rt.jar=51874 -Dfile.encoding=UTF-8 -Dsun.stdout.encoding=UTF-8 -Dsun.stderr.encoding=UTF-8 com.user_service.User.Service.UserServiceApplication

Host: 11th Gen Intel(R) Core(TM) i3-1115G4 @ 3.00GHz, 4 cores, 7G,  Windows 11 , 64 bit Build 26100 (10.0.26100.8115)
Time: Fri Apr 10 14:52:01 2026 India Standard Time elapsed time: 8.889140 seconds (0d 0h 0m 8s)

---------------  T H R E A D  ---------------

Current thread (0x0000028846052660):  JavaThread "C1 CompilerThread0" daemon [_thread_in_native, id=12236, stack(0x000000cad4f00000,0x000000cad5000000) (1024K)]


Current CompileTask:
C1:   8889 4806       1       java.util.regex.Pattern::escape (1310 bytes)

Stack: [0x000000cad4f00000,0x000000cad5000000]
Native frames: (J=compiled Java code, j=interpreted, Vv=VM code, C=native code)
V  [jvm.dll+0x6cbf89]
V  [jvm.dll+0x858421]
V  [jvm.dll+0x85a94e]
V  [jvm.dll+0x85b023]
V  [jvm.dll+0x27ebc6]
V  [jvm.dll+0xc4f4d]
V  [jvm.dll+0xc5483]
V  [jvm.dll+0x13efce]
V  [jvm.dll+0x13e367]
V  [jvm.dll+0x198c6d]
V  [jvm.dll+0x199546]
V  [jvm.dll+0x154363]
V  [jvm.dll+0x153ba8]
V  [jvm.dll+0x153df4]
V  [jvm.dll+0x153226]
V  [jvm.dll+0x154ffd]
V  [jvm.dll+0x256329]
V  [jvm.dll+0x2548ba]
V  [jvm.dll+0x3efdee]
V  [jvm.dll+0x80265b]
V  [jvm.dll+0x6ca66d]
C  [ucrtbase.dll+0x37b0]
C  [KERNEL32.DLL+0x2e8d7]
C  [ntdll.dll+0x8c3fc]


---------------  P R O C E S S  ---------------

Threads class SMR info:
_java_thread_list=0x000002888d392610, length=20, elements={
0x00000288361ed2f0, 0x0000028846045280, 0x0000028846047cf0, 0x000002884604bf50,
0x000002884604eab0, 0x0000028846050320, 0x0000028846050e70, 0x0000028846052660,
0x00000288462be450, 0x00000288462bf670, 0x0000028846312d90, 0x00000288465ade50,
0x00000288465ae4c0, 0x000002888c15d590, 0x000002888c15dc00, 0x000002888d615380,
0x000002888d7be8a0, 0x000002888d6e5f10, 0x000002888d6e6580, 0x000002888e22fde0
}

Java Threads: ( => current thread )
  0x00000288361ed2f0 JavaThread "main"                              [_thread_blocked, id=19828, stack(0x000000cad4100000,0x000000cad4200000) (1024K)]
  0x0000028846045280 JavaThread "Reference Handler"          daemon [_thread_blocked, id=17352, stack(0x000000cad4900000,0x000000cad4a00000) (1024K)]
  0x0000028846047cf0 JavaThread "Finalizer"                  daemon [_thread_blocked, id=20240, stack(0x000000cad4a00000,0x000000cad4b00000) (1024K)]
  0x000002884604bf50 JavaThread "Signal Dispatcher"          daemon [_thread_blocked, id=3280, stack(0x000000cad4b00000,0x000000cad4c00000) (1024K)]
  0x000002884604eab0 JavaThread "Attach Listener"            daemon [_thread_blocked, id=23372, stack(0x000000cad4c00000,0x000000cad4d00000) (1024K)]
  0x0000028846050320 JavaThread "Service Thread"             daemon [_thread_blocked, id=8328, stack(0x000000cad4d00000,0x000000cad4e00000) (1024K)]
  0x0000028846050e70 JavaThread "Monitor Deflation Thread"   daemon [_thread_blocked, id=3200, stack(0x000000cad4e00000,0x000000cad4f00000) (1024K)]
=>0x0000028846052660 JavaThread "C1 CompilerThread0"         daemon [_thread_in_native, id=12236, stack(0x000000cad4f00000,0x000000cad5000000) (1024K)]
  0x00000288462be450 JavaThread "C1 CompilerThread1"         daemon [_thread_blocked, id=18724, stack(0x000000cad5000000,0x000000cad5100000) (1024K)]
  0x00000288462bf670 JavaThread "C1 CompilerThread2"         daemon [_thread_blocked, id=20664, stack(0x000000cad5100000,0x000000cad5200000) (1024K)]
  0x0000028846312d90 JavaThread "Common-Cleaner"             daemon [_thread_blocked, id=13300, stack(0x000000cad5200000,0x000000cad5300000) (1024K)]
  0x00000288465ade50 JavaThread "Monitor Ctrl-Break"         daemon [_thread_in_native, id=13428, stack(0x000000cad5300000,0x000000cad5400000) (1024K)]
  0x00000288465ae4c0 JavaThread "Notification Thread"        daemon [_thread_blocked, id=13460, stack(0x000000cad5400000,0x000000cad5500000) (1024K)]
  0x000002888c15d590 JavaThread "Thread-0"                          [_thread_blocked, id=11072, stack(0x000000cad5800000,0x000000cad5900000) (1024K)]
  0x000002888c15dc00 JavaThread "restartedMain"                     [_thread_in_vm, id=2820, stack(0x000000cad5900000,0x000000cad5a00000) (1024K)]
  0x000002888d615380 JavaThread "Catalina-utility-1"                [_thread_blocked, id=10748, stack(0x000000cad5a00000,0x000000cad5b00000) (1024K)]
  0x000002888d7be8a0 JavaThread "Catalina-utility-2"                [_thread_blocked, id=6316, stack(0x000000cad5b00000,0x000000cad5c00000) (1024K)]
  0x000002888d6e5f10 JavaThread "container-0"                       [_thread_blocked, id=21684, stack(0x000000cad5c00000,0x000000cad5d00000) (1024K)]
  0x000002888d6e6580 JavaThread "mysql-cj-abandoned-connection-cleanup" daemon [_thread_blocked, id=11460, stack(0x000000cad5d00000,0x000000cad5e00000) (1024K)]
  0x000002888e22fde0 JavaThread "HikariPool-1:connection-closer" daemon [_thread_blocked, id=2812, stack(0x000000cad6100000,0x000000cad6200000) (1024K)]
Total: 20

Other Threads:
  0x0000028846028270 VMThread "VM Thread"                           [id=14612, stack(0x000000cad4800000,0x000000cad4900000) (1024K)]
  0x00000288460161a0 WatcherThread "VM Periodic Task Thread"        [id=19996, stack(0x000000cad4700000,0x000000cad4800000) (1024K)]
  0x0000028836243160 WorkerThread "GC Thread#0"                     [id=24288, stack(0x000000cad4200000,0x000000cad4300000) (1024K)]
  0x00000288469c6860 WorkerThread "GC Thread#1"                     [id=20672, stack(0x000000cad5500000,0x000000cad5600000) (1024K)]
  0x00000288469c6c10 WorkerThread "GC Thread#2"                     [id=23200, stack(0x000000cad5600000,0x000000cad5700000) (1024K)]
  0x0000028846a11500 WorkerThread "GC Thread#3"                     [id=21276, stack(0x000000cad5700000,0x000000cad5800000) (1024K)]
  0x0000028836254910 ConcurrentGCThread "G1 Main Marker"            [id=18380, stack(0x000000cad4300000,0x000000cad4400000) (1024K)]
  0x0000028836255420 WorkerThread "G1 Conc#0"                       [id=17180, stack(0x000000cad4400000,0x000000cad4500000) (1024K)]
  0x0000028845ee5590 ConcurrentGCThread "G1 Refine#0"               [id=16192, stack(0x000000cad4500000,0x000000cad4600000) (1024K)]
  0x0000028845ee5dc0 ConcurrentGCThread "G1 Service"                [id=6300, stack(0x000000cad4600000,0x000000cad4700000) (1024K)]
Total: 10

Threads with active compile tasks:
C1 CompilerThread0     8936 4806       1       java.util.regex.Pattern::escape (1310 bytes)
Total: 1

VM state: not at safepoint (normal execution)

VM Mutex/Monitor currently owned by a thread: None

OutOfMemory and StackOverflow Exception counts:
OutOfMemoryError java_heap_errors=1
LinkageErrors=118

Heap address: 0x0000000083600000, size: 1994 MB, Compressed Oops mode: 32-bit

CDS archive(s) mapped at: [0x0000028847000000-0x0000028847c90000-0x0000028847c90000), size 13172736, SharedBaseAddress: 0x0000028847000000, ArchiveRelocationMode: 1.
Compressed class space mapped at: 0x0000028848000000-0x0000028888000000, reserved size: 1073741824
Narrow klass base: 0x0000028847000000, Narrow klass shift: 0, Narrow klass range: 0x100000000

GC Precious Log:
 CardTable entry size: 512
 Card Set container configuration: InlinePtr #cards 5 size 8 Array Of Cards #cards 12 size 40 Howl #buckets 4 coarsen threshold 1843 Howl Bitmap #cards 512 size 80 coarsen threshold 460 Card regions per heap region 1 cards per card region 2048
 CPUs: 4 total, 4 available
 Memory: 7975M
 Large Page Support: Disabled
 NUMA Support: Disabled
 Compressed Oops: Enabled (32-bit)
 Heap Region Size: 1M
 Heap Min Capacity: 8M
 Heap Initial Capacity: 126M
 Heap Max Capacity: 1994M
 Pre-touch: Disabled
 Parallel Workers: 4
 Concurrent Workers: 1
 Concurrent Refinement Workers: 4
 Periodic GC: Disabled

Heap:
 garbage-first heap   total 99328K, used 42843K [0x0000000083600000, 0x0000000100000000)
  region size 1024K, 10 young (10240K), 4 survivors (4096K)
 Metaspace       used 53362K, committed 54016K, reserved 1114112K
  class space    used 7511K, committed 7808K, reserved 1048576K

Heap Regions: E=young(eden), S=young(survivor), O=old, HS=humongous(starts), HC=humongous(continues), CS=collection set, F=free, TAMS=top-at-mark-start, PB=parsable bottom
|   0|0x0000000083600000, 0x0000000083700000, 0x0000000083700000|100%|HS|  |TAMS 0x0000000083600000| PB 0x0000000083600000| Complete 
|   1|0x0000000083700000, 0x0000000083800000, 0x0000000083800000|100%|HS|  |TAMS 0x0000000083700000| PB 0x0000000083700000| Complete 
|   2|0x0000000083800000, 0x0000000083900000, 0x0000000083900000|100%|HS|  |TAMS 0x0000000083800000| PB 0x0000000083800000| Complete 
|   3|0x0000000083900000, 0x0000000083a00000, 0x0000000083a00000|100%| O|  |TAMS 0x0000000083900000| PB 0x0000000083900000| Untracked 
|   4|0x0000000083a00000, 0x0000000083b00000, 0x0000000083b00000|100%| O|  |TAMS 0x0000000083a00000| PB 0x0000000083a00000| Untracked 
|   5|0x0000000083b00000, 0x0000000083c00000, 0x0000000083c00000|100%| O|  |TAMS 0x0000000083b00000| PB 0x0000000083b00000| Untracked 
|   6|0x0000000083c00000, 0x0000000083d00000, 0x0000000083d00000|100%| O|  |TAMS 0x0000000083c00000| PB 0x0000000083c00000| Untracked 
|   7|0x0000000083d00000, 0x0000000083e00000, 0x0000000083e00000|100%| O|  |TAMS 0x0000000083d00000| PB 0x0000000083d00000| Untracked 
|   8|0x0000000083e00000, 0x0000000083f00000, 0x0000000083f00000|100%| O|  |TAMS 0x0000000083e00000| PB 0x0000000083e00000| Untracked 
|   9|0x0000000083f00000, 0x0000000084000000, 0x0000000084000000|100%| O|  |TAMS 0x0000000083f00000| PB 0x0000000083f00000| Untracked 
|  10|0x0000000084000000, 0x0000000084100000, 0x0000000084100000|100%| O|  |TAMS 0x0000000084000000| PB 0x0000000084000000| Untracked 
|  11|0x0000000084100000, 0x0000000084200000, 0x0000000084200000|100%| O|  |TAMS 0x0000000084100000| PB 0x0000000084100000| Untracked 
|  12|0x0000000084200000, 0x0000000084300000, 0x0000000084300000|100%| O|  |TAMS 0x0000000084200000| PB 0x0000000084200000| Untracked 
|  13|0x0000000084300000, 0x0000000084400000, 0x0000000084400000|100%| O|  |TAMS 0x0000000084300000| PB 0x0000000084300000| Untracked 
|  14|0x0000000084400000, 0x0000000084500000, 0x0000000084500000|100%| O|  |TAMS 0x0000000084400000| PB 0x0000000084400000| Untracked 
|  15|0x0000000084500000, 0x0000000084600000, 0x0000000084600000|100%| O|  |TAMS 0x0000000084500000| PB 0x0000000084500000| Untracked 
|  16|0x0000000084600000, 0x0000000084600000, 0x0000000084700000|  0%| F|  |TAMS 0x0000000084600000| PB 0x0000000084600000| Untracked 
|  17|0x0000000084700000, 0x0000000084800000, 0x0000000084800000|100%| O|  |TAMS 0x0000000084700000| PB 0x0000000084700000| Untracked 
|  18|0x0000000084800000, 0x0000000084900000, 0x0000000084900000|100%| O|  |TAMS 0x0000000084800000| PB 0x0000000084800000| Untracked 
|  19|0x0000000084900000, 0x0000000084a00000, 0x0000000084a00000|100%| O|  |TAMS 0x0000000084900000| PB 0x0000000084900000| Untracked 
|  20|0x0000000084a00000, 0x0000000084b00000, 0x0000000084b00000|100%| O|  |TAMS 0x0000000084a00000| PB 0x0000000084a00000| Untracked 
|  21|0x0000000084b00000, 0x0000000084c00000, 0x0000000084c00000|100%| O|  |TAMS 0x0000000084b00000| PB 0x0000000084b00000| Untracked 
|  22|0x0000000084c00000, 0x0000000084d00000, 0x0000000084d00000|100%| O|  |TAMS 0x0000000084c00000| PB 0x0000000084c00000| Untracked 
|  23|0x0000000084d00000, 0x0000000084e00000, 0x0000000084e00000|100%| O|  |TAMS 0x0000000084d00000| PB 0x0000000084d00000| Untracked 
|  24|0x0000000084e00000, 0x0000000084f00000, 0x0000000084f00000|100%| O|  |TAMS 0x0000000084e00000| PB 0x0000000084e00000| Untracked 
|  25|0x0000000084f00000, 0x0000000085000000, 0x0000000085000000|100%| O|  |TAMS 0x0000000084f00000| PB 0x0000000084f00000| Untracked 
|  26|0x0000000085000000, 0x0000000085100000, 0x0000000085100000|100%| O|  |TAMS 0x0000000085000000| PB 0x0000000085000000| Untracked 
|  27|0x0000000085100000, 0x0000000085200000, 0x0000000085200000|100%| O|  |TAMS 0x0000000085100000| PB 0x0000000085100000| Untracked 
|  28|0x0000000085200000, 0x0000000085300000, 0x0000000085300000|100%| O|  |TAMS 0x0000000085200000| PB 0x0000000085200000| Untracked 
|  29|0x0000000085300000, 0x0000000085400000, 0x0000000085400000|100%| O|  |TAMS 0x0000000085300000| PB 0x0000000085300000| Untracked 
|  30|0x0000000085400000, 0x0000000085500000, 0x0000000085500000|100%| O|  |TAMS 0x0000000085400000| PB 0x0000000085400000| Untracked 
|  31|0x0000000085500000, 0x0000000085600000, 0x0000000085600000|100%| O|  |TAMS 0x0000000085500000| PB 0x0000000085500000| Untracked 
|  32|0x0000000085600000, 0x0000000085600000, 0x0000000085700000|  0%| F|  |TAMS 0x0000000085600000| PB 0x0000000085600000| Untracked 
|  33|0x0000000085700000, 0x0000000085700000, 0x0000000085800000|  0%| F|  |TAMS 0x0000000085700000| PB 0x0000000085700000| Untracked 
|  34|0x0000000085800000, 0x0000000085800000, 0x0000000085900000|  0%| F|  |TAMS 0x0000000085800000| PB 0x0000000085800000| Untracked 
|  35|0x0000000085900000, 0x0000000085900000, 0x0000000085a00000|  0%| F|  |TAMS 0x0000000085900000| PB 0x0000000085900000| Untracked 
|  36|0x0000000085a00000, 0x0000000085a00000, 0x0000000085b00000|  0%| F|  |TAMS 0x0000000085a00000| PB 0x0000000085a00000| Untracked 
|  37|0x0000000085b00000, 0x0000000085b00000, 0x0000000085c00000|  0%| F|  |TAMS 0x0000000085b00000| PB 0x0000000085b00000| Untracked 
|  38|0x0000000085c00000, 0x0000000085c00000, 0x0000000085d00000|  0%| F|  |TAMS 0x0000000085c00000| PB 0x0000000085c00000| Untracked 
|  39|0x0000000085d00000, 0x0000000085e00000, 0x0000000085e00000|100%| O|  |TAMS 0x0000000085d00000| PB 0x0000000085d00000| Untracked 
|  40|0x0000000085e00000, 0x0000000085f00000, 0x0000000085f00000|100%| O|  |TAMS 0x0000000085e00000| PB 0x0000000085e00000| Untracked 
|  41|0x0000000085f00000, 0x0000000086000000, 0x0000000086000000|100%| O|  |TAMS 0x0000000085f00000| PB 0x0000000085f00000| Untracked 
|  42|0x0000000086000000, 0x0000000086021308, 0x0000000086100000| 12%| O|  |TAMS 0x0000000086000000| PB 0x0000000086000000| Untracked 
|  43|0x0000000086100000, 0x0000000086100000, 0x0000000086200000|  0%| F|  |TAMS 0x0000000086100000| PB 0x0000000086100000| Untracked 
|  44|0x0000000086200000, 0x0000000086200000, 0x0000000086300000|  0%| F|  |TAMS 0x0000000086200000| PB 0x0000000086200000| Untracked 
|  45|0x0000000086300000, 0x00000000863b5970, 0x0000000086400000| 70%| S|CS|TAMS 0x0000000086300000| PB 0x0000000086300000| Complete 
|  46|0x0000000086400000, 0x0000000086500000, 0x0000000086500000|100%| S|CS|TAMS 0x0000000086400000| PB 0x0000000086400000| Complete 
|  47|0x0000000086500000, 0x0000000086600000, 0x0000000086600000|100%| S|CS|TAMS 0x0000000086500000| PB 0x0000000086500000| Complete 
|  48|0x0000000086600000, 0x0000000086700000, 0x0000000086700000|100%| S|CS|TAMS 0x0000000086600000| PB 0x0000000086600000| Complete 
|  49|0x0000000086700000, 0x0000000086700000, 0x0000000086800000|  0%| F|  |TAMS 0x0000000086700000| PB 0x0000000086700000| Untracked 
|  50|0x0000000086800000, 0x0000000086800000, 0x0000000086900000|  0%| F|  |TAMS 0x0000000086800000| PB 0x0000000086800000| Untracked 
|  51|0x0000000086900000, 0x0000000086900000, 0x0000000086a00000|  0%| F|  |TAMS 0x0000000086900000| PB 0x0000000086900000| Untracked 
|  52|0x0000000086a00000, 0x0000000086a00000, 0x0000000086b00000|  0%| F|  |TAMS 0x0000000086a00000| PB 0x0000000086a00000| Untracked 
|  53|0x0000000086b00000, 0x0000000086b00000, 0x0000000086c00000|  0%| F|  |TAMS 0x0000000086b00000| PB 0x0000000086b00000| Untracked 
|  54|0x0000000086c00000, 0x0000000086c00000, 0x0000000086d00000|  0%| F|  |TAMS 0x0000000086c00000| PB 0x0000000086c00000| Untracked 
|  55|0x0000000086d00000, 0x0000000086d00000, 0x0000000086e00000|  0%| F|  |TAMS 0x0000000086d00000| PB 0x0000000086d00000| Untracked 
|  56|0x0000000086e00000, 0x0000000086e00000, 0x0000000086f00000|  0%| F|  |TAMS 0x0000000086e00000| PB 0x0000000086e00000| Untracked 
|  57|0x0000000086f00000, 0x0000000086f00000, 0x0000000087000000|  0%| F|  |TAMS 0x0000000086f00000| PB 0x0000000086f00000| Untracked 
|  58|0x0000000087000000, 0x0000000087000000, 0x0000000087100000|  0%| F|  |TAMS 0x0000000087000000| PB 0x0000000087000000| Untracked 
|  59|0x0000000087100000, 0x0000000087100000, 0x0000000087200000|  0%| F|  |TAMS 0x0000000087100000| PB 0x0000000087100000| Untracked 
|  60|0x0000000087200000, 0x0000000087200000, 0x0000000087300000|  0%| F|  |TAMS 0x0000000087200000| PB 0x0000000087200000| Untracked 
|  61|0x0000000087300000, 0x0000000087300000, 0x0000000087400000|  0%| F|  |TAMS 0x0000000087300000| PB 0x0000000087300000| Untracked 
|  62|0x0000000087400000, 0x0000000087400000, 0x0000000087500000|  0%| F|  |TAMS 0x0000000087400000| PB 0x0000000087400000| Untracked 
|  63|0x0000000087500000, 0x0000000087500000, 0x0000000087600000|  0%| F|  |TAMS 0x0000000087500000| PB 0x0000000087500000| Untracked 
|  64|0x0000000087600000, 0x0000000087600000, 0x0000000087700000|  0%| F|  |TAMS 0x0000000087600000| PB 0x0000000087600000| Untracked 
|  65|0x0000000087700000, 0x0000000087700000, 0x0000000087800000|  0%| F|  |TAMS 0x0000000087700000| PB 0x0000000087700000| Untracked 
|  66|0x0000000087800000, 0x0000000087800000, 0x0000000087900000|  0%| F|  |TAMS 0x0000000087800000| PB 0x0000000087800000| Untracked 
|  67|0x0000000087900000, 0x0000000087900000, 0x0000000087a00000|  0%| F|  |TAMS 0x0000000087900000| PB 0x0000000087900000| Untracked 
|  68|0x0000000087a00000, 0x0000000087a00000, 0x0000000087b00000|  0%| F|  |TAMS 0x0000000087a00000| PB 0x0000000087a00000| Untracked 
|  69|0x0000000087b00000, 0x0000000087b00000, 0x0000000087c00000|  0%| F|  |TAMS 0x0000000087b00000| PB 0x0000000087b00000| Untracked 
|  70|0x0000000087c00000, 0x0000000087c00000, 0x0000000087d00000|  0%| F|  |TAMS 0x0000000087c00000| PB 0x0000000087c00000| Untracked 
|  71|0x0000000087d00000, 0x0000000087d00000, 0x0000000087e00000|  0%| F|  |TAMS 0x0000000087d00000| PB 0x0000000087d00000| Untracked 
|  72|0x0000000087e00000, 0x0000000087e00000, 0x0000000087f00000|  0%| F|  |TAMS 0x0000000087e00000| PB 0x0000000087e00000| Untracked 
|  73|0x0000000087f00000, 0x0000000087f00000, 0x0000000088000000|  0%| F|  |TAMS 0x0000000087f00000| PB 0x0000000087f00000| Untracked 
|  74|0x0000000088000000, 0x0000000088000000, 0x0000000088100000|  0%| F|  |TAMS 0x0000000088000000| PB 0x0000000088000000| Untracked 
|  75|0x0000000088100000, 0x0000000088100000, 0x0000000088200000|  0%| F|  |TAMS 0x0000000088100000| PB 0x0000000088100000| Untracked 
|  76|0x0000000088200000, 0x0000000088200000, 0x0000000088300000|  0%| F|  |TAMS 0x0000000088200000| PB 0x0000000088200000| Untracked 
|  77|0x0000000088300000, 0x0000000088300000, 0x0000000088400000|  0%| F|  |TAMS 0x0000000088300000| PB 0x0000000088300000| Untracked 
|  78|0x0000000088400000, 0x0000000088400000, 0x0000000088500000|  0%| F|  |TAMS 0x0000000088400000| PB 0x0000000088400000| Untracked 
|  79|0x0000000088500000, 0x0000000088500000, 0x0000000088600000|  0%| F|  |TAMS 0x0000000088500000| PB 0x0000000088500000| Untracked 
|  80|0x0000000088600000, 0x0000000088600000, 0x0000000088700000|  0%| F|  |TAMS 0x0000000088600000| PB 0x0000000088600000| Untracked 
|  81|0x0000000088700000, 0x0000000088700000, 0x0000000088800000|  0%| F|  |TAMS 0x0000000088700000| PB 0x0000000088700000| Untracked 
|  82|0x0000000088800000, 0x0000000088800000, 0x0000000088900000|  0%| F|  |TAMS 0x0000000088800000| PB 0x0000000088800000| Untracked 
|  83|0x0000000088900000, 0x0000000088900000, 0x0000000088a00000|  0%| F|  |TAMS 0x0000000088900000| PB 0x0000000088900000| Untracked 
|  84|0x0000000088a00000, 0x0000000088a00000, 0x0000000088b00000|  0%| F|  |TAMS 0x0000000088a00000| PB 0x0000000088a00000| Untracked 
|  85|0x0000000088b00000, 0x0000000088b00000, 0x0000000088c00000|  0%| F|  |TAMS 0x0000000088b00000| PB 0x0000000088b00000| Untracked 
|  86|0x0000000088c00000, 0x0000000088c00000, 0x0000000088d00000|  0%| F|  |TAMS 0x0000000088c00000| PB 0x0000000088c00000| Untracked 
|  87|0x0000000088d00000, 0x0000000088d00000, 0x0000000088e00000|  0%| F|  |TAMS 0x0000000088d00000| PB 0x0000000088d00000| Untracked 
|  88|0x0000000088e00000, 0x0000000088e00000, 0x0000000088f00000|  0%| F|  |TAMS 0x0000000088e00000| PB 0x0000000088e00000| Untracked 
|  89|0x0000000088f00000, 0x0000000088f00000, 0x0000000089000000|  0%| F|  |TAMS 0x0000000088f00000| PB 0x0000000088f00000| Untracked 
|  90|0x0000000089000000, 0x0000000089000000, 0x0000000089100000|  0%| F|  |TAMS 0x0000000089000000| PB 0x0000000089000000| Untracked 
|  91|0x0000000089100000, 0x00000000891e0560, 0x0000000089200000| 87%| E|  |TAMS 0x0000000089100000| PB 0x0000000089100000| Complete 
|  92|0x0000000089200000, 0x0000000089300000, 0x0000000089300000|100%| E|CS|TAMS 0x0000000089200000| PB 0x0000000089200000| Complete 
|  93|0x0000000089300000, 0x0000000089400000, 0x0000000089400000|100%| E|  |TAMS 0x0000000089300000| PB 0x0000000089300000| Complete 
|  94|0x0000000089400000, 0x0000000089500000, 0x0000000089500000|100%| E|CS|TAMS 0x0000000089400000| PB 0x0000000089400000| Complete 
| 124|0x000000008b200000, 0x000000008b300000, 0x000000008b300000|100%| E|CS|TAMS 0x000000008b200000| PB 0x000000008b200000| Complete 
| 125|0x000000008b300000, 0x000000008b400000, 0x000000008b400000|100%| E|CS|TAMS 0x000000008b300000| PB 0x000000008b300000| Complete 

Card table byte_map: [0x0000028841a70000,0x0000028841e60000] _byte_map_base: 0x0000028841655000

Marking Bits: (CMBitMap*) 0x0000028836243870
 Bits: [0x0000028841e60000, 0x0000028843d88000)

Polling page: 0x0000028834070000

Metaspace:

Usage:
  Non-class:     44.78 MB used.
      Class:      7.34 MB used.
       Both:     52.11 MB used.

Virtual space:
  Non-class space:       64.00 MB reserved,      45.12 MB ( 71%) committed,  1 nodes.
      Class space:        1.00 GB reserved,       7.62 MB ( <1%) committed,  1 nodes.
             Both:        1.06 GB reserved,      52.75 MB (  5%) committed. 

Chunk freelists:
   Non-Class:  2.57 MB
       Class:  8.41 MB
        Both:  10.98 MB

MaxMetaspaceSize: unlimited
CompressedClassSpaceSize: 1.00 GB
Initial GC threshold: 21.00 MB
Current GC threshold: 59.38 MB
CDS: on
 - commit_granule_bytes: 65536.
 - commit_granule_words: 8192.
 - virtual_space_node_default_size: 8388608.
 - enlarge_chunks_in_place: 1.
 - use_allocation_guard: 0.


Internal statistics:

num_allocs_failed_limit: 6.
num_arena_births: 808.
num_arena_deaths: 0.
num_vsnodes_births: 2.
num_vsnodes_deaths: 0.
num_space_committed: 844.
num_space_uncommitted: 0.
num_chunks_returned_to_freelist: 6.
num_chunks_taken_from_freelist: 2782.
num_chunk_merges: 6.
num_chunk_splits: 2005.
num_chunks_enlarged: 1535.
num_inconsistent_stats: 0.

CodeCache: size=49152Kb used=10123Kb max_used=10123Kb free=39029Kb
 bounds [0x000002883e680000, 0x000002883f070000, 0x0000028841680000]
 total_blobs=5345 nmethods=4751 adapters=516
 compilation: enabled
              stopped_count=0, restarted_count=0
 full_count=0

Compilation events (20 events):
Event: 8.800 Thread 0x00000288462bf670 4797       1       java.time.temporal.ValueRange::getMinimum (5 bytes)
Event: 8.800 Thread 0x0000028846052660 4798       1       java.time.temporal.ValueRange::getMaximum (5 bytes)
Event: 8.839 Thread 0x00000288462bf670 nmethod 4797 0x000002883f05fd90 code [0x000002883f05ff20, 0x000002883f05ffe8]
Event: 8.840 Thread 0x0000028846052660 nmethod 4798 0x000002883f060090 code [0x000002883f060220, 0x000002883f0602e8]
Event: 8.840 Thread 0x00000288462be450 nmethod 4796 0x000002883f060390 code [0x000002883f060600, 0x000002883f060b08]
Event: 8.840 Thread 0x00000288462bf670 4799       1       com.mysql.cj.protocol.ReadAheadInputStream::checkClosed (18 bytes)
Event: 8.840 Thread 0x00000288462bf670 nmethod 4799 0x000002883f060e90 code [0x000002883f061040, 0x000002883f0611a8]
Event: 8.840 Thread 0x00000288462bf670 4800       1       java.lang.Long::stringSize (55 bytes)
Event: 8.841 Thread 0x0000028846052660 4801       1       java.lang.Long::getChars (195 bytes)
Event: 8.841 Thread 0x00000288462bf670 nmethod 4800 0x000002883f061290 code [0x000002883f061420, 0x000002883f061578]
Event: 8.841 Thread 0x0000028846052660 nmethod 4801 0x000002883f061610 code [0x000002883f0617e0, 0x000002883f061bf8]
Event: 8.850 Thread 0x0000028846052660 4802       1       java.lang.invoke.BoundMethodHandle$Species_L::copyWith (14 bytes)
Event: 8.850 Thread 0x0000028846052660 nmethod 4802 0x000002883f061f10 code [0x000002883f0620c0, 0x000002883f062268]
Event: 8.854 Thread 0x00000288462bf670 4803       1       java.time.format.DateTimeFormatter::getDecimalStyle (5 bytes)
Event: 8.854 Thread 0x0000028846052660 4804       1       java.time.format.DecimalStyle::getZeroDigit (5 bytes)
Event: 8.854 Thread 0x00000288462bf670 nmethod 4803 0x000002883f062310 code [0x000002883f0624a0, 0x000002883f062568]
Event: 8.854 Thread 0x0000028846052660 nmethod 4804 0x000002883f062610 code [0x000002883f0627a0, 0x000002883f062870]
Event: 8.858 Thread 0x0000028846052660 4805       1       java.time.temporal.ChronoField::range (5 bytes)
Event: 8.858 Thread 0x0000028846052660 nmethod 4805 0x000002883f062910 code [0x000002883f062aa0, 0x000002883f062b68]
Event: 8.867 Thread 0x0000028846052660 4806       1       java.util.regex.Pattern::escape (1310 bytes)

GC Heap History (20 events):
Event: 0.838 GC heap before
{Heap before GC invocations=0 (full 0):
 garbage-first heap   total 129024K, used 16384K [0x0000000083600000, 0x0000000100000000)
  region size 1024K, 13 young (13312K), 0 survivors (0K)
 Metaspace       used 1436K, committed 1600K, reserved 1114112K
  class space    used 144K, committed 256K, reserved 1048576K
}
Event: 0.844 GC heap after
{Heap after GC invocations=1 (full 0):
 garbage-first heap   total 129024K, used 9258K [0x0000000083600000, 0x0000000100000000)
  region size 1024K, 2 young (2048K), 2 survivors (2048K)
 Metaspace       used 1436K, committed 1600K, reserved 1114112K
  class space    used 144K, committed 256K, reserved 1048576K
}
Event: 1.134 GC heap before
{Heap before GC invocations=1 (full 0):
 garbage-first heap   total 129024K, used 20522K [0x0000000083600000, 0x0000000100000000)
  region size 1024K, 13 young (13312K), 2 survivors (2048K)
 Metaspace       used 3424K, committed 3584K, reserved 1114112K
  class space    used 421K, committed 512K, reserved 1048576K
}
Event: 1.139 GC heap after
{Heap after GC invocations=2 (full 0):
 garbage-first heap   total 129024K, used 13283K [0x0000000083600000, 0x0000000100000000)
  region size 1024K, 2 young (2048K), 2 survivors (2048K)
 Metaspace       used 3424K, committed 3584K, reserved 1114112K
  class space    used 421K, committed 512K, reserved 1048576K
}
Event: 1.590 GC heap before
{Heap before GC invocations=2 (full 0):
 garbage-first heap   total 129024K, used 38883K [0x0000000083600000, 0x0000000100000000)
  region size 1024K, 24 young (24576K), 2 survivors (2048K)
 Metaspace       used 6622K, committed 6848K, reserved 1114112K
  class space    used 808K, committed 896K, reserved 1048576K
}
Event: 1.599 GC heap after
{Heap after GC invocations=3 (full 0):
 garbage-first heap   total 129024K, used 18077K [0x0000000083600000, 0x0000000100000000)
  region size 1024K, 3 young (3072K), 3 survivors (3072K)
 Metaspace       used 6622K, committed 6848K, reserved 1114112K
  class space    used 808K, committed 896K, reserved 1048576K
}
Event: 2.502 GC heap before
{Heap before GC invocations=3 (full 0):
 garbage-first heap   total 129024K, used 46749K [0x0000000083600000, 0x0000000100000000)
  region size 1024K, 32 young (32768K), 3 survivors (3072K)
 Metaspace       used 13258K, committed 13632K, reserved 1114112K
  class space    used 1786K, committed 1920K, reserved 1048576K
}
Event: 2.506 GC heap after
{Heap after GC invocations=4 (full 0):
 garbage-first heap   total 129024K, used 18407K [0x0000000083600000, 0x0000000100000000)
  region size 1024K, 3 young (3072K), 3 survivors (3072K)
 Metaspace       used 13258K, committed 13632K, reserved 1114112K
  class space    used 1786K, committed 1920K, reserved 1048576K
}
Event: 2.955 GC heap before
{Heap before GC invocations=4 (full 0):
 garbage-first heap   total 129024K, used 51175K [0x0000000083600000, 0x0000000100000000)
  region size 1024K, 37 young (37888K), 3 survivors (3072K)
 Metaspace       used 21118K, committed 21504K, reserved 1114112K
  class space    used 2764K, committed 2944K, reserved 1048576K
}
Event: 2.963 GC heap after
{Heap after GC invocations=5 (full 0):
 garbage-first heap   total 129024K, used 21780K [0x0000000083600000, 0x0000000100000000)
  region size 1024K, 6 young (6144K), 6 survivors (6144K)
 Metaspace       used 21118K, committed 21504K, reserved 1114112K
  class space    used 2764K, committed 2944K, reserved 1048576K
}
Event: 3.426 GC heap before
{Heap before GC invocations=6 (full 0):
 garbage-first heap   total 81920K, used 63764K [0x0000000083600000, 0x0000000100000000)
  region size 1024K, 48 young (49152K), 6 survivors (6144K)
 Metaspace       used 27292K, committed 27712K, reserved 1114112K
  class space    used 3588K, committed 3776K, reserved 1048576K
}
Event: 3.434 GC heap after
{Heap after GC invocations=7 (full 0):
 garbage-first heap   total 81920K, used 24329K [0x0000000083600000, 0x0000000100000000)
  region size 1024K, 6 young (6144K), 6 survivors (6144K)
 Metaspace       used 27292K, committed 27712K, reserved 1114112K
  class space    used 3588K, committed 3776K, reserved 1048576K
}
Event: 4.196 GC heap before
{Heap before GC invocations=7 (full 0):
 garbage-first heap   total 81920K, used 65289K [0x0000000083600000, 0x0000000100000000)
  region size 1024K, 46 young (47104K), 6 survivors (6144K)
 Metaspace       used 31634K, committed 32128K, reserved 1114112K
  class space    used 4205K, committed 4416K, reserved 1048576K
}
Event: 4.206 GC heap after
{Heap after GC invocations=8 (full 0):
 garbage-first heap   total 98304K, used 25983K [0x0000000083600000, 0x0000000100000000)
  region size 1024K, 5 young (5120K), 5 survivors (5120K)
 Metaspace       used 31634K, committed 32128K, reserved 1114112K
  class space    used 4205K, committed 4416K, reserved 1048576K
}
Event: 5.021 GC heap before
{Heap before GC invocations=8 (full 0):
 garbage-first heap   total 98304K, used 59775K [0x0000000083600000, 0x0000000100000000)
  region size 1024K, 39 young (39936K), 5 survivors (5120K)
 Metaspace       used 35783K, committed 36288K, reserved 1114112K
  class space    used 4899K, committed 5120K, reserved 1048576K
}
Event: 5.030 GC heap after
{Heap after GC invocations=9 (full 0):
 garbage-first heap   total 98304K, used 28495K [0x0000000083600000, 0x0000000100000000)
  region size 1024K, 5 young (5120K), 5 survivors (5120K)
 Metaspace       used 35783K, committed 36288K, reserved 1114112K
  class space    used 4899K, committed 5120K, reserved 1048576K
}
Event: 6.213 GC heap before
{Heap before GC invocations=10 (full 0):
 garbage-first heap   total 98304K, used 86863K [0x0000000083600000, 0x0000000100000000)
  region size 1024K, 57 young (58368K), 5 survivors (5120K)
 Metaspace       used 40297K, committed 40896K, reserved 1114112K
  class space    used 5543K, committed 5824K, reserved 1048576K
}
Event: 6.226 GC heap after
{Heap after GC invocations=11 (full 0):
 garbage-first heap   total 99328K, used 34729K [0x0000000083600000, 0x0000000100000000)
  region size 1024K, 8 young (8192K), 8 survivors (8192K)
 Metaspace       used 40297K, committed 40896K, reserved 1114112K
  class space    used 5543K, committed 5824K, reserved 1048576K
}
Event: 8.449 GC heap before
{Heap before GC invocations=11 (full 0):
 garbage-first heap   total 99328K, used 82857K [0x0000000083600000, 0x0000000100000000)
  region size 1024K, 55 young (56320K), 8 survivors (8192K)
 Metaspace       used 52028K, committed 52736K, reserved 1114112K
  class space    used 7338K, committed 7680K, reserved 1048576K
}
Event: 8.472 GC heap after
{Heap after GC invocations=12 (full 0):
 garbage-first heap   total 99328K, used 38747K [0x0000000083600000, 0x0000000100000000)
  region size 1024K, 4 young (4096K), 4 survivors (4096K)
 Metaspace       used 52028K, committed 52736K, reserved 1114112K
  class space    used 7338K, committed 7680K, reserved 1048576K
}

Dll operation events (11 events):
Event: 0.012 Loaded shared library C:\Program Files\Java\jdk-21\bin\java.dll
Event: 0.325 Loaded shared library C:\Program Files\Java\jdk-21\bin\zip.dll
Event: 0.331 Loaded shared library C:\Program Files\Java\jdk-21\bin\instrument.dll
Event: 0.340 Loaded shared library C:\Program Files\Java\jdk-21\bin\net.dll
Event: 0.343 Loaded shared library C:\Program Files\Java\jdk-21\bin\nio.dll
Event: 0.348 Loaded shared library C:\Program Files\Java\jdk-21\bin\zip.dll
Event: 0.775 Loaded shared library C:\Program Files\Java\jdk-21\bin\extnet.dll
Event: 0.803 Loaded shared library C:\Program Files\Java\jdk-21\bin\jimage.dll
Event: 1.497 Loaded shared library C:\Program Files\Java\jdk-21\bin\management.dll
Event: 1.500 Loaded shared library C:\Program Files\Java\jdk-21\bin\management_ext.dll
Event: 2.823 Loaded shared library C:\Program Files\Java\jdk-21\bin\sunmscapi.dll

Deoptimization events (0 events):
No events

Classes loaded (20 events):
Event: 8.849 Loading class java/lang/Class$Holder
Event: 8.849 Loading class java/lang/Class$Holder done
Event: 8.849 Loading class java/security/AllPermissionCollection
Event: 8.849 Loading class java/security/AllPermissionCollection done
Event: 8.863 Loading class java/security/InvalidKeyException
Event: 8.864 Loading class java/security/KeyException
Event: 8.864 Loading class java/security/KeyException done
Event: 8.864 Loading class java/security/InvalidKeyException done
Event: 8.864 Loading class java/security/SignatureException
Event: 8.864 Loading class java/security/SignatureException done
Event: 8.864 Loading class java/security/spec/InvalidKeySpecException
Event: 8.864 Loading class java/security/spec/InvalidKeySpecException done
Event: 8.864 Loading class javax/crypto/NoSuchPaddingException
Event: 8.864 Loading class javax/crypto/NoSuchPaddingException done
Event: 8.864 Loading class javax/crypto/IllegalBlockSizeException
Event: 8.864 Loading class javax/crypto/IllegalBlockSizeException done
Event: 8.865 Loading class javax/crypto/BadPaddingException
Event: 8.865 Loading class javax/crypto/BadPaddingException done
Event: 8.865 Loading class javax/net/ssl/SSLSocket
Event: 8.865 Loading class javax/net/ssl/SSLSocket done

Classes unloaded (0 events):
No events

Classes redefined (0 events):
No events

Internal exceptions (20 events):
Event: 5.239 Thread 0x000002888c15dc00 Exception <a 'java/lang/NoSuchMethodError'{0x0000000088e398d8}: 'java.lang.Object java.lang.invoke.DirectMethodHandle$Holder.newInvokeSpecial(java.lang.Object, java.lang.Object, java.lang.Object, int)'> (0x0000000088e398d8) 
thrown [s\open\src\hotspot\share\interpreter\linkResolver.cpp, line 773]
Event: 5.240 Thread 0x000002888c15dc00 Exception <a 'java/lang/NoSuchMethodError'{0x0000000088e3d728}: 'java.lang.Object java.lang.invoke.DirectMethodHandle$Holder.invokeSpecial(java.lang.Object, java.lang.Object, java.lang.Object, java.lang.Object, int)'> (0x0000000088e3d728) 
thrown [s\open\src\hotspot\share\interpreter\linkResolver.cpp, line 773]
Event: 5.240 Thread 0x000002888c15dc00 Exception <a 'java/lang/NoSuchMethodError'{0x0000000088e40bc0}: 'java.lang.Object java.lang.invoke.Invokers$Holder.linkToTargetMethod(java.lang.Object, java.lang.Object, int, java.lang.Object)'> (0x0000000088e40bc0) 
thrown [s\open\src\hotspot\share\interpreter\linkResolver.cpp, line 773]
Event: 5.245 Thread 0x000002888c15dc00 Exception <a 'java/lang/NoSuchMethodError'{0x0000000088e999a8}: 'void java.lang.invoke.DirectMethodHandle$Holder.invokeStatic(java.lang.Object, int, java.lang.Object)'> (0x0000000088e999a8) 
thrown [s\open\src\hotspot\share\interpreter\linkResolver.cpp, line 773]
Event: 5.274 Thread 0x000002888c15dc00 Exception <a 'java/lang/NoSuchMethodError'{0x0000000088c3fba0}: 'java.lang.Object java.lang.invoke.DirectMethodHandle$Holder.invokeVirtual(java.lang.Object, java.lang.Object, java.lang.Object, java.lang.Object, java.lang.Object)'> (0x0000000088c3fba0) 
thrown [s\open\src\hotspot\share\interpreter\linkResolver.cpp, line 773]
Event: 5.314 Thread 0x000002888c15dc00 Exception <a 'java/lang/NoSuchMethodError'{0x0000000088bce408}: 'java.lang.Object java.lang.invoke.DirectMethodHandle$Holder.invokeStaticInit(java.lang.Object, int, int, int, int)'> (0x0000000088bce408) 
thrown [s\open\src\hotspot\share\interpreter\linkResolver.cpp, line 773]
Event: 5.361 Thread 0x000002888c15dc00 Exception <a 'java/lang/NoSuchMethodError'{0x0000000088a931b8}: 'java.lang.Object java.lang.invoke.DirectMethodHandle$Holder.invokeStaticInit(java.lang.Object, java.lang.Object, int, int, int, int)'> (0x0000000088a931b8) 
thrown [s\open\src\hotspot\share\interpreter\linkResolver.cpp, line 773]
Event: 5.863 Thread 0x000002888c15dc00 Exception <a 'java/lang/NoSuchMethodError'{0x00000000868017f0}: 'int java.lang.invoke.DirectMethodHandle$Holder.invokeVirtual(java.lang.Object, java.lang.Object, java.lang.Object, java.lang.Object)'> (0x00000000868017f0) 
thrown [s\open\src\hotspot\share\interpreter\linkResolver.cpp, line 773]
Event: 5.864 Thread 0x000002888c15dc00 Exception <a 'java/lang/NoSuchMethodError'{0x0000000086805080}: 'int java.lang.invoke.DelegatingMethodHandle$Holder.reinvoke_L(java.lang.Object, java.lang.Object, java.lang.Object, java.lang.Object)'> (0x0000000086805080) 
thrown [s\open\src\hotspot\share\interpreter\linkResolver.cpp, line 773]
Event: 5.908 Thread 0x000002888c15dc00 Exception <a 'java/io/FileNotFoundException'{0x0000000086741ea8}> (0x0000000086741ea8) 
thrown [s\open\src\hotspot\share\prims\jni.cpp, line 520]
Event: 6.033 Thread 0x000002888c15dc00 Exception <a 'java/lang/NoSuchMethodError'{0x000000008631bc58}: 'int java.lang.invoke.DirectMethodHandle$Holder.invokeInterface(java.lang.Object, java.lang.Object, java.lang.Object, java.lang.Object)'> (0x000000008631bc58) 
thrown [s\open\src\hotspot\share\interpreter\linkResolver.cpp, line 773]
Event: 6.107 Thread 0x000002888c15dc00 Exception <a 'java/lang/NoSuchMethodError'{0x0000000086169fa8}: 'long java.lang.invoke.DirectMethodHandle$Holder.invokeVirtual(java.lang.Object, java.lang.Object)'> (0x0000000086169fa8) 
thrown [s\open\src\hotspot\share\interpreter\linkResolver.cpp, line 773]
Event: 6.114 Thread 0x000002888c15dc00 Exception <a 'java/io/FileNotFoundException'{0x0000000086195d48}> (0x0000000086195d48) 
thrown [s\open\src\hotspot\share\prims\jni.cpp, line 520]
Event: 6.146 Thread 0x000002888c15dc00 Exception <a 'java/lang/NoSuchMethodError'{0x0000000085f46ef8}: 'void java.lang.invoke.DirectMethodHandle$Holder.invokeVirtual(java.lang.Object, java.lang.Object, long)'> (0x0000000085f46ef8) 
thrown [s\open\src\hotspot\share\interpreter\linkResolver.cpp, line 773]
Event: 6.235 Thread 0x000002888c15dc00 Exception <a 'java/lang/NoSuchMethodError'{0x000000008b33d288}: 'java.lang.Object java.lang.invoke.DirectMethodHandle$Holder.newInvokeSpecial(java.lang.Object, java.lang.Object, java.lang.Object, java.lang.Object, java.lang.Object, java.lang.Object, java.lang.Object, java.lang.Object, java.lang.Object, java.lang.Object, java.lang.Object, java.lang.Object)'> (0x000000008b33d288) 
thrown [s\open\src\hotspot\share\interpreter\linkResolver.cpp, line 773]
Event: 6.367 Thread 0x000002888c15dc00 Exception <a 'java/lang/NoSuchMethodError'{0x0000000089064438}: 'void java.lang.invoke.DirectMethodHandle$Holder.invokeInterface(java.lang.Object, java.lang.Object, java.lang.Object, java.lang.Object, int, java.lang.Object, java.lang.Object, java.lang.Object)'> (0x0000000089064438) 
thrown [s\open\src\hotspot\share\interpreter\linkResolver.cpp, line 773]
Event: 6.368 Thread 0x000002888c15dc00 Exception <a 'java/lang/NoSuchMethodError'{0x000000008906c178}: 'void java.lang.invoke.DelegatingMethodHandle$Holder.reinvoke_L(java.lang.Object, java.lang.Object, java.lang.Object, java.lang.Object, int, java.lang.Object, java.lang.Object, java.lang.Object)'> (0x000000008906c178) 
thrown [s\open\src\hotspot\share\interpreter\linkResolver.cpp, line 773]
Event: 8.779 Thread 0x000002888c15dc00 Exception <a 'java/lang/OutOfMemoryError'{0x0000000089381560}> (0x0000000089381560) 
thrown [s\open\src\hotspot\share\prims\jni.cpp, line 539]
Event: 8.790 Thread 0x000002888c15dc00 Exception <a 'java/lang/NoSuchMethodError'{0x00000000893f4020}: 'java.lang.Object java.lang.invoke.DirectMethodHandle$Holder.invokeStaticInit(java.lang.Object, java.lang.Object, java.lang.Object, java.lang.Object)'> (0x00000000893f4020) 
thrown [s\open\src\hotspot\share\interpreter\linkResolver.cpp, line 773]
Event: 8.859 Thread 0x000002888c15dc00 Exception <a 'java/lang/NoSuchMethodError'{0x0000000089151490}: 'void java.lang.invoke.Invokers$Holder.invokeExact_MT(java.lang.Object, java.lang.Object, java.lang.Object, java.lang.Object)'> (0x0000000089151490) 
thrown [s\open\src\hotspot\share\interpreter\linkResolver.cpp, line 773]

ZGC Phase Switch (0 events):
No events

VM Operations (20 events):
Event: 5.079 Executing VM operation: G1PauseCleanup
Event: 5.079 Executing VM operation: G1PauseCleanup done
Event: 6.003 Executing VM operation: HandshakeAllThreads (Deoptimize)
Event: 6.003 Executing VM operation: HandshakeAllThreads (Deoptimize) done
Event: 6.065 Executing VM operation: HandshakeAllThreads (Deoptimize)
Event: 6.065 Executing VM operation: HandshakeAllThreads (Deoptimize) done
Event: 6.117 Executing VM operation: HandshakeAllThreads (Deoptimize)
Event: 6.117 Executing VM operation: HandshakeAllThreads (Deoptimize) done
Event: 6.117 Executing VM operation: Cleanup
Event: 6.117 Executing VM operation: Cleanup done
Event: 6.213 Executing VM operation: G1CollectForAllocation (G1 Evacuation Pause)
Event: 6.226 Executing VM operation: G1CollectForAllocation (G1 Evacuation Pause) done
Event: 6.230 Executing VM operation: HandshakeAllThreads (Deoptimize)
Event: 6.230 Executing VM operation: HandshakeAllThreads (Deoptimize) done
Event: 7.245 Executing VM operation: Cleanup
Event: 7.318 Executing VM operation: Cleanup done
Event: 8.321 Executing VM operation: Cleanup
Event: 8.322 Executing VM operation: Cleanup done
Event: 8.449 Executing VM operation: G1CollectForAllocation (G1 Evacuation Pause)
Event: 8.472 Executing VM operation: G1CollectForAllocation (G1 Evacuation Pause) done

Events (20 events):
Event: 5.066 Thread 0x0000028846028270 flushing nmethod 0x000002883ec3f490
Event: 5.066 Thread 0x0000028846028270 flushing nmethod 0x000002883e936710
Event: 5.066 Thread 0x0000028846028270 flushing nmethod 0x000002883e93e910
Event: 5.066 Thread 0x0000028846028270 flushing nmethod 0x000002883e95aa10
Event: 5.066 Thread 0x0000028846028270 flushing nmethod 0x000002883ea67b90
Event: 5.066 Thread 0x0000028846028270 flushing nmethod 0x000002883ea67e90
Event: 5.066 Thread 0x0000028846028270 flushing nmethod 0x000002883ea69110
Event: 5.066 Thread 0x0000028846028270 flushing nmethod 0x000002883eae4790
Event: 5.066 Thread 0x0000028846028270 flushing nmethod 0x000002883eae4b10
Event: 5.066 Thread 0x0000028846028270 flushing nmethod 0x000002883eae5490
Event: 5.066 Thread 0x0000028846028270 flushing nmethod 0x000002883eb66e10
Event: 6.122 Thread 0x000002888d615380 Thread added: 0x000002888d615380
Event: 6.123 Thread 0x000002888d7be8a0 Thread added: 0x000002888d7be8a0
Event: 6.129 Thread 0x000002888d6e5f10 Thread added: 0x000002888d6e5f10
Event: 6.181 Thread 0x000002888d6e6580 Thread added: 0x000002888d6e6580
Event: 8.680 Thread 0x000002888e15d010 Thread added: 0x000002888e15d010
Event: 8.795 Thread 0x000002888e15e690 Thread added: 0x000002888e15e690
Event: 8.859 Thread 0x000002888e22fde0 Thread added: 0x000002888e22fde0
Event: 8.885 Thread 0x000002888e15e690 Thread exited: 0x000002888e15e690
Event: 8.886 Thread 0x000002888e15d010 Thread exited: 0x000002888e15d010


Dynamic libraries:
0x00007ff753ca0000 - 0x00007ff753cb0000 	C:\Program Files\Java\jdk-21\bin\java.exe
0x00007ff99a960000 - 0x00007ff99abc7000 	C:\WINDOWS\SYSTEM32\ntdll.dll
0x00007ff9999f0000 - 0x00007ff999ab9000 	C:\WINDOWS\System32\KERNEL32.DLL
0x00007ff998240000 - 0x00007ff998634000 	C:\WINDOWS\System32\KERNELBASE.dll
0x00007ff997450000 - 0x00007ff99759b000 	C:\WINDOWS\System32\ucrtbase.dll
0x00007ff9494b0000 - 0x00007ff9494cb000 	C:\Program Files\Java\jdk-21\bin\VCRUNTIME140.dll
0x00007ff95aed0000 - 0x00007ff95aee9000 	C:\Program Files\Java\jdk-21\bin\jli.dll
0x00007ff999df0000 - 0x00007ff999ea6000 	C:\WINDOWS\System32\ADVAPI32.dll
0x00007ff999c50000 - 0x00007ff999cf9000 	C:\WINDOWS\System32\msvcrt.dll
0x00007ff99a150000 - 0x00007ff99a1f7000 	C:\WINDOWS\System32\sechost.dll
0x00007ff999200000 - 0x00007ff999318000 	C:\WINDOWS\System32\RPCRT4.dll
0x00007ff998750000 - 0x00007ff998915000 	C:\WINDOWS\System32\USER32.dll
0x00007ff9972f0000 - 0x00007ff997317000 	C:\WINDOWS\System32\win32u.dll
0x00007ff999dc0000 - 0x00007ff999deb000 	C:\WINDOWS\System32\GDI32.dll
0x00007ff997320000 - 0x00007ff99744a000 	C:\WINDOWS\System32\gdi32full.dll
0x00007ff9975a0000 - 0x00007ff997643000 	C:\WINDOWS\System32\msvcp_win.dll
0x00007ff97e310000 - 0x00007ff97e5a3000 	C:\WINDOWS\WinSxS\amd64_microsoft.windows.common-controls_6595b64144ccf1df_6.0.26100.8115_none_3e075c82e3354f9c\COMCTL32.dll
0x00007ff988670000 - 0x00007ff98867b000 	C:\WINDOWS\SYSTEM32\VERSION.dll
0x00007ff99a320000 - 0x00007ff99a352000 	C:\WINDOWS\System32\IMM32.DLL
0x00007ff96fd00000 - 0x00007ff96fd0c000 	C:\Program Files\Java\jdk-21\bin\vcruntime140_1.dll
0x00007ff9078e0000 - 0x00007ff90796e000 	C:\Program Files\Java\jdk-21\bin\msvcp140.dll
0x00007ff8e6500000 - 0x00007ff8e721d000 	C:\Program Files\Java\jdk-21\bin\server\jvm.dll
0x00007ff998920000 - 0x00007ff9989a0000 	C:\WINDOWS\System32\WS2_32.dll
0x00007ff997090000 - 0x00007ff9970ee000 	C:\WINDOWS\SYSTEM32\POWRPROF.dll
0x00007ff994430000 - 0x00007ff994466000 	C:\WINDOWS\SYSTEM32\WINMM.dll
0x00007ff997070000 - 0x00007ff997084000 	C:\WINDOWS\SYSTEM32\UMPDC.dll
0x00007ff995f90000 - 0x00007ff995fab000 	C:\WINDOWS\SYSTEM32\kernel.appcore.dll
0x00007ff9676e0000 - 0x00007ff9676ea000 	C:\Program Files\Java\jdk-21\bin\jimage.dll
0x00007ff9951c0000 - 0x00007ff995402000 	C:\WINDOWS\SYSTEM32\DBGHELP.DLL
0x00007ff999660000 - 0x00007ff9999e2000 	C:\WINDOWS\System32\combase.dll
0x00007ff999120000 - 0x00007ff9991f7000 	C:\WINDOWS\System32\OLEAUT32.dll
0x00007ff9943f0000 - 0x00007ff99442b000 	C:\WINDOWS\SYSTEM32\dbgcore.DLL
0x00007ff998640000 - 0x00007ff9986e5000 	C:\WINDOWS\System32\bcryptPrimitives.dll
0x00007ff962310000 - 0x00007ff96231f000 	C:\Program Files\Java\jdk-21\bin\instrument.dll
0x00007ff949490000 - 0x00007ff9494af000 	C:\Program Files\Java\jdk-21\bin\java.dll
0x00007ff9989b0000 - 0x00007ff999116000 	C:\WINDOWS\System32\SHELL32.dll
0x00007ff9980d0000 - 0x00007ff99823a000 	C:\WINDOWS\System32\wintypes.dll
0x00007ff9976e0000 - 0x00007ff997f45000 	C:\WINDOWS\System32\windows.storage.dll
0x00007ff99a210000 - 0x00007ff99a307000 	C:\WINDOWS\System32\SHCORE.dll
0x00007ff99a0e0000 - 0x00007ff99a146000 	C:\WINDOWS\System32\shlwapi.dll
0x00007ff997150000 - 0x00007ff997179000 	C:\WINDOWS\SYSTEM32\profapi.dll
0x00007ff91a030000 - 0x00007ff91a048000 	C:\Program Files\Java\jdk-21\bin\zip.dll
0x00007ff95aec0000 - 0x00007ff95aed0000 	C:\Program Files\Java\jdk-21\bin\net.dll
0x00007ff98ec20000 - 0x00007ff98ed4d000 	C:\WINDOWS\SYSTEM32\WINHTTP.dll
0x00007ff996510000 - 0x00007ff99657c000 	C:\WINDOWS\system32\mswsock.dll
0x00007ff91d540000 - 0x00007ff91d556000 	C:\Program Files\Java\jdk-21\bin\nio.dll
0x00007ff955c00000 - 0x00007ff955c09000 	C:\Program Files\Java\jdk-21\bin\extnet.dll
0x00007ff955530000 - 0x00007ff95553a000 	C:\Program Files\Java\jdk-21\bin\management.dll
0x00007ff953c80000 - 0x00007ff953c8b000 	C:\Program Files\Java\jdk-21\bin\management_ext.dll
0x00007ff998740000 - 0x00007ff998748000 	C:\WINDOWS\System32\PSAPI.DLL
0x00007ff995960000 - 0x00007ff995992000 	C:\WINDOWS\SYSTEM32\IPHLPAPI.DLL
0x00007ff99a310000 - 0x00007ff99a31a000 	C:\WINDOWS\System32\NSI.dll
0x00007ff9959a0000 - 0x00007ff995ad2000 	C:\WINDOWS\SYSTEM32\DNSAPI.dll
0x00007ff98e800000 - 0x00007ff98e80b000 	C:\Windows\System32\rasadhlp.dll
0x00007ff991ac0000 - 0x00007ff991b46000 	C:\WINDOWS\System32\fwpuclnt.dll
0x00007ff955630000 - 0x00007ff95563e000 	C:\Program Files\Java\jdk-21\bin\sunmscapi.dll
0x00007ff997f50000 - 0x00007ff9980c7000 	C:\WINDOWS\System32\CRYPT32.dll
0x00007ff996a30000 - 0x00007ff996a60000 	C:\WINDOWS\SYSTEM32\ncrypt.dll
0x00007ff9969e0000 - 0x00007ff996a1f000 	C:\WINDOWS\SYSTEM32\NTASN1.dll
0x00007ff996820000 - 0x00007ff99683b000 	C:\WINDOWS\SYSTEM32\CRYPTSP.dll
0x00007ff995ef0000 - 0x00007ff995f29000 	C:\WINDOWS\system32\rsaenh.dll
0x00007ff9965c0000 - 0x00007ff9965f3000 	C:\WINDOWS\SYSTEM32\USERENV.dll
0x00007ff997120000 - 0x00007ff99714a000 	C:\WINDOWS\SYSTEM32\bcrypt.dll
0x00007ff996810000 - 0x00007ff99681c000 	C:\WINDOWS\SYSTEM32\CRYPTBASE.dll

dbghelp: loaded successfully - version: 4.0.5 - missing functions: none
symbol engine: initialized successfully - sym options: 0x614 - pdb path: .;C:\Program Files\Java\jdk-21\bin;C:\WINDOWS\SYSTEM32;C:\WINDOWS\WinSxS\amd64_microsoft.windows.common-controls_6595b64144ccf1df_6.0.26100.8115_none_3e075c82e3354f9c;C:\Program Files\Java\jdk-21\bin\server

VM Arguments:
jvm_args: -XX:TieredStopAtLevel=1 -Dspring.output.ansi.enabled=always -javaagent:C:\Program Files\JetBrains\IntelliJ IDEA 2025.3.1\lib\idea_rt.jar=51874 -Dfile.encoding=UTF-8 -Dsun.stdout.encoding=UTF-8 -Dsun.stderr.encoding=UTF-8 
java_command: com.user_service.User.Service.UserServiceApplication
java_class_path (initial): D:\SpringBootProjects\E-Commerce Application\User-Service\target\classes;C:\Users\srini\.m2\repository\org\springframework\boot\spring-boot-starter-data-jpa\4.0.3\spring-boot-starter-data-jpa-4.0.3.jar;C:\Users\srini\.m2\repository\org\springframework\boot\spring-boot-starter\4.0.3\spring-boot-starter-4.0.3.jar;C:\Users\srini\.m2\repository\org\springframework\boot\spring-boot-starter-logging\4.0.3\spring-boot-starter-logging-4.0.3.jar;C:\Users\srini\.m2\repository\ch\qos\logback\logback-classic\1.5.32\logback-classic-1.5.32.jar;C:\Users\srini\.m2\repository\ch\qos\logback\logback-core\1.5.32\logback-core-1.5.32.jar;C:\Users\srini\.m2\repository\org\apache\logging\log4j\log4j-to-slf4j\2.25.3\log4j-to-slf4j-2.25.3.jar;C:\Users\srini\.m2\repository\org\apache\logging\log4j\log4j-api\2.25.3\log4j-api-2.25.3.jar;C:\Users\srini\.m2\repository\org\slf4j\jul-to-slf4j\2.0.17\jul-to-slf4j-2.0.17.jar;C:\Users\srini\.m2\repository\jakarta\annotation\jakarta.annotation-api\3.0.0\jakarta.annotation-api-3.0.0.jar;C:\Users\srini\.m2\repository\org\yaml\snakeyaml\2.5\snakeyaml-2.5.jar;C:\Users\srini\.m2\repository\org\springframework\boot\spring-boot-starter-jdbc\4.0.3\spring-boot-starter-jdbc-4.0.3.jar;C:\Users\srini\.m2\repository\com\zaxxer\HikariCP\7.0.2\HikariCP-7.0.2.jar;C:\Users\srini\.m2\repository\org\springframework\boot\spring-boot-data-jpa\4.0.3\spring-boot-data-jpa-4.0.3.jar;C:\Users\srini\.m2\repository\org\springframework\boot\spring-boot-data-commons\4.0.3\spring-boot-data-commons-4.0.3.jar;C:\Users\srini\.m2\repository\org\springframework\boot\spring-boot-persistence\4.0.3\spring-boot-persistence-4.0.3.jar;C:\Users\srini\.m2\repository\org\springframework\data\spring-data-commons\4.0.3\spring-data-commons-4.0.3.jar;C:\Users\srini\.m2\repository\org\springframework\boot\spring-boot-hibernate\4.0.3\spring-boot-hibernate-4.0.3.jar;C:\Users\srini\.m2\repository\org\springframework\boot\spring-boot-jpa\4.0.3\spring-boot-jpa-4.0.3.jar;C:\Users\srini\.m2\repository\jakarta\persistence\jakarta.persistence-api\3.2.0\jakarta.persistence-api-3.2.0.jar;C:\Users\srini\.m2\repository\org\hibernate\orm\hibernate-core\7.2.4.Final\hibernate-core-7.2.4.Final.jar;C:\Users\srini\.m2\repository\jakarta\transaction\jakarta.transaction-api\2.0.1\jakarta.transaction-api-2.0.1.jar;C:\Users\srini\.m2\repository\org\hibernate\models\hibernate-models\1.0.1\hibernate-models-1.0.1.jar;C:\Users\srini\.m2\repository\org\glassfish\jaxb\jaxb-runtime\4.0.6\jaxb-runtime-4.0.6.jar;C:\Users\srini\.m2\repository\org\glassfish\jaxb\jaxb-core\4.0.6\jaxb-core-4.0.6.jar;C:\Users\srini\.m2\repository\org\eclipse\angus\angus-activation\2.0.3\angus-activation-2.0.3.jar;C:\Users\srini\.m2\repository\org\glassfish\jaxb\txw2\4.0.6\txw2-4.0.6.jar;C:\Users\srini\.m2\repository\com\sun\istack\istack-commons-runtime\4.1.2\istack-commons-runtime-4.1.2.jar;C:\Users\srini\.m2\repository\org\springframework\spring-orm\7.0.5\spring-orm-7.0.5.jar;C:\Users\srini\.m2\repository\org\springframework\data\spring-data-jpa\4.0.3\spring-data-jpa-4.0.3.jar;C:\Users\srini\.m2\repository\org\springframework\spring-aop\7.0.5\spring-aop-7.0.5.jar;C:\Users\srini\.m2\repository\org\springframework\spring-tx\7.0.5\spring-tx-7.0.5.jar;C:\Users\srini\.m2\repository\org\antlr\antlr4-runtime\4.13.2\antlr4-runtime-4.13.2.jar;C:\Users\srini\.m2\repository\org\springframework\spring-aspects\7.0.5\spring-aspects-7.0.5.jar;C:\Users\srini\.m2\repository\org\aspectj\aspectjweaver\1.9.25.1\aspectjweaver-1.9.25.1.jar;C:\Users\srini\.m2\repository\org\springframework\boot\spring-boot-jdbc\4.0.3\spring-boot-jdbc-4.0.3.jar;C:\Users\srini\.m2\repository\org\springframework\boot\spring-boot-sql\4.0.3\spring-boot-sql-4.0.3.jar;C:\Users\srini\.m2\repository\org\springframework\boot\spring-boot-transaction\4.0.3\spring-boot-transaction-4.0.3.jar;C:\Users\srini\.m2\repository\org\springframework\spring-jdbc\7.0.5\spring-jdbc-7.0.5.jar;C:\Users\srini\.m2\repository\org\springframework\boot\spring-boot-starter-webmvc\4.0.3\spring-boot-starter-webmvc-4.0.3.jar;C:\Users\srini\.m2\repository\org\springframework\boot\spring-boot-starter-jackson\4.0.3\spring-boot-starter-jackson-4.0.3.jar;C:\Users\srini\.m2\repository\org\springframework\boot\spring-boot-jackson\4.0.3\spring-boot-jackson-4.0.3.jar;C:\Users\srini\.m2\repository\tools\jackson\core\jackson-databind\3.0.4\jackson-databind-3.0.4.jar;C:\Users\srini\.m2\repository\tools\jackson\core\jackson-core\3.0.4\jackson-core-3.0.4.jar;C:\Users\srini\.m2\repository\org\springframework\boot\spring-boot-starter-tomcat\4.0.3\spring-boot-starter-tomcat-4.0.3.jar;C:\Users\srini\.m2\repository\org\springframework\boot\spring-boot-starter-tomcat-runtime\4.0.3\spring-boot-starter-tomcat-runtime-4.0.3.jar;C:\Users\srini\.m2\repository\org\apache\tomcat\embed\tomcat-embed-core\11.0.18\tomcat-embed-core-11.0.18.jar;C:\Users\srini\.m2\repository\org\apache\tomcat\embed\tomcat-embed-websocket\11.0.18\tomcat-embed-websocket-11.0.18.jar;C:\Users\srini\.m2\repository\org\springframework\boot\spring-boot-tomcat\4.0.3\spring-boot-tomcat-4.0.3.jar;C:\Users\srini\.m2\repository\org\springframework\boot\spring-boot-http-converter\4.0.3\spring-boot-http-converter-4.0.3.jar;C:\Users\srini\.m2\repository\org\springframework\boot\spring-boot-webmvc\4.0.3\spring-boot-webmvc-4.0.3.jar;C:\Users\srini\.m2\repository\org\springframework\boot\spring-boot-servlet\4.0.3\spring-boot-servlet-4.0.3.jar;C:\Users\srini\.m2\repository\org\springframework\spring-webmvc\7.0.5\spring-webmvc-7.0.5.jar;C:\Users\srini\.m2\repository\org\springframework\spring-expression\7.0.5\spring-expression-7.0.5.jar;C:\Users\srini\.m2\repository\org\springframework\boot\spring-boot-devtools\4.0.3\spring-boot-devtools-4.0.3.jar;C:\Users\srini\.m2\repository\org\springframework\boot\spring-boot\4.0.3\spring-boot-4.0.3.jar;C:\Users\srini\.m2\repository\org\springframework\spring-core\7.0.5\spring-core-7.0.5.jar;C:\Users\srini\.m2\repository\commons-logging\commons-logging\1.3.5\commons-logging-1.3.5.jar;C:\Users\srini\.m2\repository\org\springframework\spring-context\7.0.5\spring-context-7.0.5.jar;C:\Users\srini\.m2\repository\org\springframework\boot\spring-boot-autoconfigure\4.0.3\spring-boot-autoconfigure-4.0.3.jar;C:\Users\srini\.m2\repository\com\mysql\mysql-connector-j\9.6.0\mysql-connector-j-9.6.0.jar;C:\Users\srini\.m2\repository\org\projectlombok\lombok\1.18.42\lombok-1.18.42.jar;C:\Users\srini\.m2\repository\jakarta\xml\bind\jakarta.xml.bind-api\4.0.4\jakarta.xml.bind-api-4.0.4.jar;C:\Users\srini\.m2\repository\jakarta\activation\jakarta.activation-api\2.1.4\jakarta.activation-api-2.1.4.jar;C:\Users\srini\.m2\repository\net\bytebuddy\byte-buddy\1.17.8\byte-buddy-1.17.8.jar;C:\Users\srini\.m2\repository\org\modelmapper\modelmapper\3.2.1\modelmapper-3.2.1.jar;C:\Users\srini\.m2\repository\org\springframework\boot\spring-boot-starter-validation\4.0.3\spring-boot-starter-validation-4.0.3.jar;C:\Users\srini\.m2\repository\org\springframework\boot\spring-boot-validation\4.0.3\spring-boot-validation-4.0.3.jar;C:\Users\srini\.m2\repository\org\apache\tomcat\embed\tomcat-embed-el\11.0.18\tomcat-embed-el-11.0.18.jar;C:\Users\srini\.m2\repository\org\hibernate\validator\hibernate-validator\9.0.1.Final\hibernate-validator-9.0.1.Final.jar;C:\Users\srini\.m2\repository\jakarta\validation\jakarta.validation-api\3.1.1\jakarta.validation-api-3.1.1.jar;C:\Users\srini\.m2\repository\org\jboss\logging\jboss-logging\3.6.2.Final\jboss-logging-3.6.2.Final.jar;C:\Users\srini\.m2\repository\com\fasterxml\classmate\1.7.3\classmate-1.7.3.jar;C:\Users\srini\.m2\repository\org\springdoc\springdoc-openapi-starter-webmvc-ui\3.0.2\springdoc-openapi-starter-webmvc-ui-3.0.2.jar;C:\Users\srini\.m2\repository\org\springdoc\springdoc-openapi-starter-webmvc-api\3.0.2\springdoc-openapi-starter-webmvc-api-3.0.2.jar;C:\Users\srini\.m2\repository\org\springdoc\springdoc-openapi-starter-common\3.0.2\springdoc-openapi-starter-common-3.0.2.jar;C:\Users\srini\.m2\repository\io\swagger\core\v3\swagger-core-jakarta\2.2.43\swagger-core-jakarta-2.2.43.jar;C:\Users\srini\.m2\repository\org\apache\commons\commons-lang3\3.19.0\commons-lang3-3.19.0.jar;C:\Users\srini\.m2\repository\io\swagger\core\v3\swagger-annotations-jakarta\2.2.43\swagger-annotations-jakarta-2.2.43.jar;C:\Users\srini\.m2\repository\io\swagger\core\v3\swagger-models-jakarta\2.2.43\swagger-models-jakarta-2.2.43.jar;C:\Users\srini\.m2\repository\com\fasterxml\jackson\dataformat\jackson-dataformat-yaml\2.20.2\jackson-dataformat-yaml-2.20.2.jar;C:\Users\srini\.m2\repository\org\springframework\boot\spring-boot-web-server\4.0.3\spring-boot-web-server-4.0.3.jar;C:\Users\srini\.m2\repository\org\webjars\swagger-ui\5.32.0\swagger-ui-5.32.0.jar;C:\Users\srini\.m2\repository\org\webjars\webjars-locator-lite\1.1.3\webjars-locator-lite-1.1.3.jar;C:\Users\srini\.m2\repository\org\jspecify\jspecify\1.0.0\jspecify-1.0.0.jar;C:\Users\srini\.m2\repository\com\fasterxml\jackson\core\jackson-databind\2.20.2\jackson-databind-2.20.2.jar;C:\Users\srini\.m2\repository\com\fasterxml\jackson\core\jackson-annotations\2.20\jackson-annotations-2.20.jar;C:\Users\srini\.m2\repository\com\fasterxml\jackson\core\jackson-core\2.20.2\jackson-core-2.20.2.jar;C:\Users\srini\.m2\repository\org\springframework\cloud\spring-cloud-starter-netflix-eureka-client\5.0.1\spring-cloud-starter-netflix-eureka-client-5.0.1.jar;C:\Users\srini\.m2\repository\org\springframework\cloud\spring-cloud-starter\5.0.1\spring-cloud-starter-5.0.1.jar;C:\Users\srini\.m2\repository\org\springframework\cloud\spring-cloud-context\5.0.1\spring-cloud-context-5.0.1.jar;C:\Users\srini\.m2\repository\org\springframework\boot\spring-boot-restclient\4.0.3\spring-boot-restclient-4.0.3.jar;C:\Users\srini\.m2\repository\org\springframework\boot\spring-boot-http-client\4.0.3\spring-boot-http-client-4.0.3.jar;C:\Users\srini\.m2\repository\org\bouncycastle\bcprov-jdk18on\1.81\bcprov-jdk18on-1.81.jar;C:\Users\srini\.m2\repository\org\springframework\cloud\spring-cloud-netflix-eureka-client\5.0.1\spring-cloud-netflix-eureka-client-5.0.1.jar;C:\Users\srini\.m2\repository\org\springframework\boot\spring-boot-jackson2\4.0.3\spring-boot-jackson2-4.0.3.jar;C:\Users\srini\.m2\repository\com\fasterxml\jackson\datatype\jackson-datatype-jdk8\2.20.2\jackson-datatype-jdk8-2.20.2.jar;C:\Users\srini\.m2\repository\com\fasterxml\jackson\datatype\jackson-datatype-jsr310\2.20.2\jackson-datatype-jsr310-2.20.2.jar;C:\Users\srini\.m2\repository\com\fasterxml\jackson\module\jackson-module-parameter-names\2.20.2\jackson-module-parameter-names-2.20.2.jar;C:\Users\srini\.m2\repository\org\apache\httpcomponents\client5\httpclient5\5.5.2\httpclient5-5.5.2.jar;C:\Users\srini\.m2\repository\org\apache\httpcomponents\core5\httpcore5\5.3.6\httpcore5-5.3.6.jar;C:\Users\srini\.m2\repository\org\apache\httpcomponents\core5\httpcore5-h2\5.3.6\httpcore5-h2-5.3.6.jar;C:\Users\srini\.m2\repository\com\netflix\eureka\eureka-client\2.0.5\eureka-client-2.0.5.jar;C:\Users\srini\.m2\repository\com\thoughtworks\xstream\xstream\1.4.21\xstream-1.4.21.jar;C:\Users\srini\.m2\repository\io\github\x-stream\mxparser\1.2.2\mxparser-1.2.2.jar;C:\Users\srini\.m2\repository\xmlpull\xmlpull\1.1.3.1\xmlpull-1.1.3.1.jar;C:\Users\srini\.m2\repository\jakarta\ws\rs\jakarta.ws.rs-api\4.0.0\jakarta.ws.rs-api-4.0.0.jar;C:\Users\srini\.m2\repository\jakarta\inject\jakarta.inject-api\2.0.1\jakarta.inject-api-2.0.1.jar;C:\Users\srini\.m2\repository\com\netflix\spectator\spectator-api\1.7.3\spectator-api-1.7.3.jar;C:\Users\srini\.m2\repository\org\slf4j\slf4j-api\2.0.17\slf4j-api-2.0.17.jar;C:\Users\srini\.m2\repository\org\apache\httpcomponents\httpclient\4.5.3\httpclient-4.5.3.jar;C:\Users\srini\.m2\repository\org\apache\httpcomponents\httpcore\4.4.16\httpcore-4.4.16.jar;C:\Users\srini\.m2\repository\commons-codec\commons-codec\1.19.0\commons-codec-1.19.0.jar;C:\Users\srini\.m2\repository\commons-configuration\commons-configuration\1.10\commons-configuration-1.10.jar;C:\Users\srini\.m2\repository\commons-lang\commons-lang\2.6\commons-lang-2.6.jar;C:\Users\srini\.m2\repository\com\netflix\netflix-commons\netflix-eventbus\0.3.0\netflix-eventbus-0.3.0.jar;C:\Users\srini\.m2\repository\com\netflix\netflix-commons\netflix-infix\0.3.0\netflix-infix-0.3.0.jar;C:\Users\srini\.m2\repository\commons-jxpath\commons-jxpath\1.3\commons-jxpath-1.3.jar;C:\Users\srini\.m2\repository\joda-time\joda-time\2.3\joda-time-2.3.jar;C:\Users\srini\.m2\repository\org\antlr\antlr-runtime\3.4\antlr-runtime-3.4.jar;C:\Users\srini\.m2\repository\org\antlr\stringtemplate\3.2.1\stringtemplate-3.2.1.jar;C:\Users\srini\.m2\repository\antlr\antlr\2.7.7\antlr-2.7.7.jar;C:\Users\srini\.m2\repository\com\google\code\gson\gson\2.13.2\gson-2.13.2.jar;C:\Users\srini\.m2\repository\com\google\errorprone\error_prone_annotations\2.41.0\error_prone_annotations-2.41.0.jar;C:\Users\srini\.m2\repository\com\netflix\servo\servo-core\0.5.3\servo-core-0.5.3.jar;C:\Users\srini\.m2\repository\org\apache\commons\commons-math\2.2\commons-math-2.2.jar;C:\Users\srini\.m2\repository\javax\annotation\javax.annotation-api\1.2\javax.annotation-api-1.2.jar;C:\Users\srini\.m2\repository\org\codehaus\jettison\jettison\1.5.4\jettison-1.5.4.jar;C:\Users\srini\.m2\repository\org\springframework\cloud\spring-cloud-starter-loadbalancer\5.0.1\spring-cloud-starter-loadbalancer-5.0.1.jar;C:\Users\srini\.m2\repository\org\springframework\cloud\spring-cloud-loadbalancer\5.0.1\spring-cloud-loadbalancer-5.0.1.jar;C:\Users\srini\.m2\repository\io\projectreactor\reactor-core\3.8.3\reactor-core-3.8.3.jar;C:\Users\srini\.m2\repository\org\reactivestreams\reactive-streams\1.0.4\reactive-streams-1.0.4.jar;C:\Users\srini\.m2\repository\io\projectreactor\addons\reactor-extra\3.6.0\reactor-extra-3.6.0.jar;C:\Users\srini\.m2\repository\org\springframework\boot\spring-boot-starter-cache\4.0.3\spring-boot-starter-cache-4.0.3.jar;C:\Users\srini\.m2\repository\org\springframework\boot\spring-boot-cache\4.0.3\spring-boot-cache-4.0.3.jar;C:\Users\srini\.m2\repository\org\springframework\spring-context-support\7.0.5\spring-context-support-7.0.5.jar;C:\Users\srini\.m2\repository\com\stoyanr\evictor\1.0.0\evictor-1.0.0.jar;C:\Users\srini\.m2\repository\org\springframework\cloud\spring-cloud-starter-openfeign\5.0.1\spring-cloud-starter-openfeign-5.0.1.jar;C:\Users\srini\.m2\repository\org\springframework\cloud\spring-cloud-openfeign-core\5.0.1\spring-cloud-openfeign-core-5.0.1.jar;C:\Users\srini\.m2\repository\io\github\openfeign\feign-form-spring\13.6\feign-form-spring-13.6.jar;C:\Users\srini\.m2\repository\org\apache\commons\commons-text\1.13.0\commons-text-1.13.0.jar;C:\Users\srini\.m2\repository\io\github\openfeign\feign-form\13.6\feign-form-13.6.jar;C:\Users\srini\.m2\repository\commons-fileupload\commons-fileupload\1.5\commons-fileupload-1.5.jar;C:\Users\srini\.m2\repository\org\springframework\spring-web\7.0.5\spring-web-7.0.5.jar;C:\Users\srini\.m2\repository\org\springframework\spring-beans\7.0.5\spring-beans-7.0.5.jar;C:\Users\srini\.m2\repository\io\micrometer\micrometer-observation\1.16.3\micrometer-observation-1.16.3.jar;C:\Users\srini\.m2\repository\io\micrometer\micrometer-commons\1.16.3\micrometer-commons-1.16.3.jar;C:\Users\srini\.m2\repository\org\springframework\cloud\spring-cloud-commons\5.0.1\spring-cloud-commons-5.0.1.jar;C:\Users\srini\.m2\repository\org\springframework\security\spring-security-crypto\7.0.3\spring-security-crypto-7.0.3.jar;C:\Users\srini\.m2\repository\io\github\openfeign\feign-core\13.6\feign-core-13.6.jar;C:\Users\srini\.m2\repository\io\github\openfeign\feign-slf4j\13.6\feign-slf4j-13.6.jar
Launcher Type: SUN_STANDARD

[Global flags]
     intx CICompilerCount                          = 3                                         {product} {ergonomic}
     uint ConcGCThreads                            = 1                                         {product} {ergonomic}
     uint G1ConcRefinementThreads                  = 4                                         {product} {ergonomic}
   size_t G1HeapRegionSize                         = 1048576                                   {product} {ergonomic}
    uintx GCDrainStackTargetSize                   = 64                                        {product} {ergonomic}
   size_t InitialHeapSize                          = 132120576                                 {product} {ergonomic}
   size_t MarkStackSize                            = 4194304                                   {product} {ergonomic}
   size_t MaxHeapSize                              = 2090860544                                {product} {ergonomic}
   size_t MaxNewSize                               = 1254096896                                {product} {ergonomic}
   size_t MinHeapDeltaBytes                        = 1048576                                   {product} {ergonomic}
   size_t MinHeapSize                              = 8388608                                   {product} {ergonomic}
    uintx NonNMethodCodeHeapSize                   = 4096                                   {pd product} {ergonomic}
    uintx NonProfiledCodeHeapSize                  = 0                                      {pd product} {ergonomic}
     bool ProfileInterpreter                       = false                                  {pd product} {command line}
    uintx ProfiledCodeHeapSize                     = 0                                      {pd product} {ergonomic}
   size_t SoftMaxHeapSize                          = 2090860544                             {manageable} {ergonomic}
     intx TieredStopAtLevel                        = 1                                         {product} {command line}
     bool UseCompressedOops                        = true                           {product lp64_product} {ergonomic}
     bool UseG1GC                                  = true                                      {product} {ergonomic}
     bool UseLargePagesIndividualAllocation        = false                                  {pd product} {ergonomic}

Logging:
Log output configuration:
 #0: stdout all=warning uptime,level,tags foldmultilines=false
 #1: stderr all=off uptime,level,tags foldmultilines=false

Environment Variables:
PATH=C:\Program Files\Common Files\Oracle\Java\javapath;C:\WINDOWS\system32;C:\WINDOWS;C:\WINDOWS\System32\Wbem;C:\WINDOWS\System32\WindowsPowerShell\v1.0\;C:\WINDOWS\System32\OpenSSH\;C:\Program Files\MySQL\MySQL Server 8.0\bin;C:\Program Files\Git\cmd;C:\Program Files\Docker\Docker\resources\bin;C:\Program Files\MySQL\MySQL Shell 8.0\bin\;C:\Users\srini\AppData\Local\Microsoft\WindowsApps;
USERNAME=srini
OS=Windows_NT
PROCESSOR_IDENTIFIER=Intel64 Family 6 Model 140 Stepping 1, GenuineIntel
TMP=C:\Users\srini\AppData\Local\Temp
TEMP=C:\Users\srini\AppData\Local\Temp




Periodic native trim disabled

---------------  S Y S T E M  ---------------

OS:
 Windows 11 , 64 bit Build 26100 (10.0.26100.8115)
OS uptime: 6 days 2:25 hours
Hyper-V role detected

CPU: total 4 (initial active 4) (2 cores per cpu, 2 threads per core) family 6 model 140 stepping 1 microcode 0x8a, cx8, cmov, fxsr, ht, mmx, 3dnowpref, sse, sse2, sse3, ssse3, sse4.1, sse4.2, popcnt, lzcnt, tsc, tscinvbit, avx, avx2, aes, erms, clmul, bmi1, bmi2, adx, avx512f, avx512dq, avx512cd, avx512bw, avx512vl, sha, fma, vzeroupper, avx512_vpopcntdq, avx512_vpclmulqdq, avx512_vaes, avx512_vnni, clflush, clflushopt, clwb, avx512_vbmi2, avx512_vbmi, hv, rdtscp, rdpid, fsrm, gfni, avx512_bitalg, f16c, cet_ibt, cet_ss, avx512_ifma
Processor Information for all 4 processors :
  Max Mhz: 2995, Current Mhz: 2995, Mhz Limit: 2995

Memory: 4k page, system-wide physical 7975M (506M free)
TotalPageFile size 20775M (AvailPageFile size 0M)
current process WorkingSet (physical memory assigned to process): 234M, peak: 234M
current process commit charge ("private bytes"): 267M, peak: 268M

vm_info: Java HotSpot(TM) 64-Bit Server VM (21.0.9+7-LTS-338) for windows-amd64 JRE (21.0.9+7-LTS-338), built on 2025-09-26T06:33:49Z by "mach5run" with MS VC++ 17.6 (VS2022)

END.
